<?xml version="1.0" encoding="UTF-8"?>
<testng-results ignored="0" total="1" passed="1" failed="0" skipped="0">
  <reporter-output>
  </reporter-output>
  <suite started-at="2021-09-05T19:32:36 IST" name="Default suite" finished-at="2021-09-05T19:32:36 IST" duration-ms="84">
    <groups>
    </groups>
    <test started-at="2021-09-05T19:32:36 IST" name="Default test" finished-at="2021-09-05T19:32:36 IST" duration-ms="84">
      <class name="TestScript.script">
        <test-method signature="testngexamplee()[pri:0, instance:TestScript.script@1bb266b3]" started-at="2021-09-05T19:32:36 IST" name="testngexamplee" finished-at="2021-09-05T19:32:36 IST" duration-ms="16" status="PASS">
          <reporter-output>
          </reporter-output>
        </test-method> <!-- testngexamplee -->
      </class> <!-- TestScript.script -->
    </test> <!-- Default test -->
  </suite> <!-- Default suite -->
</testng-results>
